/data/h36m/2c-decompressed-poses-d3-positions-mono
├── S1
│   └── MyPoseFeatures
│       └── D3_Positions_mono
│           ├── Directions 1.54138969.cdf
│           ├── Directions 1.55011271.cdf
│           ├── Directions 1.58860488.cdf
│           ├── Directions 1.60457274.cdf
│           ├── Directions.54138969.cdf
│           ├── Directions.55011271.cdf
│           ├── Directions.58860488.cdf
│           ├── Directions.60457274.cdf
│           ├── Discussion 1.54138969.cdf
│           ├── Discussion 1.55011271.cdf
│           ├── Discussion 1.58860488.cdf
│           ├── Discussion 1.60457274.cdf
│           ├── Discussion.54138969.cdf
│           ├── Discussion.55011271.cdf
│           ├── Discussion.58860488.cdf
│           ├── Discussion.60457274.cdf
│           ├── Eating 2.54138969.cdf
│           ├── Eating 2.55011271.cdf
│           ├── Eating 2.58860488.cdf
│           ├── Eating 2.60457274.cdf
│           ├── Eating.54138969.cdf
│           ├── Eating.55011271.cdf
│           ├── Eating.58860488.cdf
│           ├── Eating.60457274.cdf
│           ├── Greeting 1.54138969.cdf
│           ├── Greeting 1.55011271.cdf
│           ├── Greeting 1.58860488.cdf
│           ├── Greeting 1.60457274.cdf
│           ├── Greeting.54138969.cdf
│           ├── Greeting.55011271.cdf
│           ├── Greeting.58860488.cdf
│           ├── Greeting.60457274.cdf
│           ├── Phoning 1.54138969.cdf
│           ├── Phoning 1.55011271.cdf
│           ├── Phoning 1.58860488.cdf
│           ├── Phoning 1.60457274.cdf
│           ├── Phoning.54138969.cdf
│           ├── Phoning.55011271.cdf
│           ├── Phoning.58860488.cdf
│           ├── Phoning.60457274.cdf
│           ├── Posing 1.54138969.cdf
│           ├── Posing 1.55011271.cdf
│           ├── Posing 1.58860488.cdf
│           ├── Posing 1.60457274.cdf
│           ├── Posing.54138969.cdf
│           ├── Posing.55011271.cdf
│           ├── Posing.58860488.cdf
│           ├── Posing.60457274.cdf
│           ├── Purchases 1.54138969.cdf
│           ├── Purchases 1.55011271.cdf
│           ├── Purchases 1.58860488.cdf
│           ├── Purchases 1.60457274.cdf
│           ├── Purchases.54138969.cdf
│           ├── Purchases.55011271.cdf
│           ├── Purchases.58860488.cdf
│           ├── Purchases.60457274.cdf
│           ├── Sitting 1.54138969.cdf
│           ├── Sitting 1.55011271.cdf
│           ├── Sitting 1.58860488.cdf
│           ├── Sitting 1.60457274.cdf
│           ├── Sitting 2.54138969.cdf
│           ├── Sitting 2.55011271.cdf
│           ├── Sitting 2.58860488.cdf
│           ├── Sitting 2.60457274.cdf
│           ├── SittingDown 2.54138969.cdf
│           ├── SittingDown 2.55011271.cdf
│           ├── SittingDown 2.58860488.cdf
│           ├── SittingDown 2.60457274.cdf
│           ├── SittingDown.54138969.cdf
│           ├── SittingDown.55011271.cdf
│           ├── SittingDown.58860488.cdf
│           ├── SittingDown.60457274.cdf
│           ├── Smoking 1.54138969.cdf
│           ├── Smoking 1.55011271.cdf
│           ├── Smoking 1.58860488.cdf
│           ├── Smoking 1.60457274.cdf
│           ├── Smoking.54138969.cdf
│           ├── Smoking.55011271.cdf
│           ├── Smoking.58860488.cdf
│           ├── Smoking.60457274.cdf
│           ├── TakingPhoto 1.54138969.cdf
│           ├── TakingPhoto 1.55011271.cdf
│           ├── TakingPhoto 1.58860488.cdf
│           ├── TakingPhoto 1.60457274.cdf
│           ├── TakingPhoto.54138969.cdf
│           ├── TakingPhoto.55011271.cdf
│           ├── TakingPhoto.58860488.cdf
│           ├── TakingPhoto.60457274.cdf
│           ├── Waiting 1.54138969.cdf
│           ├── Waiting 1.55011271.cdf
│           ├── Waiting 1.58860488.cdf
│           ├── Waiting 1.60457274.cdf
│           ├── Waiting.54138969.cdf
│           ├── Waiting.55011271.cdf
│           ├── Waiting.58860488.cdf
│           ├── Waiting.60457274.cdf
│           ├── WalkTogether 1.54138969.cdf
│           ├── WalkTogether 1.55011271.cdf
│           ├── WalkTogether 1.58860488.cdf
│           ├── WalkTogether 1.60457274.cdf
│           ├── WalkTogether.54138969.cdf
│           ├── WalkTogether.55011271.cdf
│           ├── WalkTogether.58860488.cdf
│           ├── WalkTogether.60457274.cdf
│           ├── Walking 1.54138969.cdf
│           ├── Walking 1.55011271.cdf
│           ├── Walking 1.58860488.cdf
│           ├── Walking 1.60457274.cdf
│           ├── Walking.54138969.cdf
│           ├── Walking.55011271.cdf
│           ├── Walking.58860488.cdf
│           ├── Walking.60457274.cdf
│           ├── WalkingDog 1.54138969.cdf
│           ├── WalkingDog 1.55011271.cdf
│           ├── WalkingDog 1.58860488.cdf
│           ├── WalkingDog 1.60457274.cdf
│           ├── WalkingDog.54138969.cdf
│           ├── WalkingDog.55011271.cdf
│           ├── WalkingDog.58860488.cdf
│           └── WalkingDog.60457274.cdf
├── S11
│   └── MyPoseFeatures
│       └── D3_Positions_mono
│           ├── Directions 1.54138969.cdf
│           ├── Directions 1.55011271.cdf
│           ├── Directions 1.58860488.cdf
│           ├── Directions 1.60457274.cdf
│           ├── Directions.54138969.cdf
│           ├── Directions.55011271.cdf
│           ├── Directions.58860488.cdf
│           ├── Directions.60457274.cdf
│           ├── Discussion 1.54138969.cdf
│           ├── Discussion 1.55011271.cdf
│           ├── Discussion 1.58860488.cdf
│           ├── Discussion 1.60457274.cdf
│           ├── Discussion 2.54138969.cdf
│           ├── Discussion 2.55011271.cdf
│           ├── Discussion 2.58860488.cdf
│           ├── Discussion 2.60457274.cdf
│           ├── Eating 1.54138969.cdf
│           ├── Eating 1.55011271.cdf
│           ├── Eating 1.58860488.cdf
│           ├── Eating 1.60457274.cdf
│           ├── Eating.54138969.cdf
│           ├── Eating.55011271.cdf
│           ├── Eating.58860488.cdf
│           ├── Eating.60457274.cdf
│           ├── Greeting 2.54138969.cdf
│           ├── Greeting 2.55011271.cdf
│           ├── Greeting 2.58860488.cdf
│           ├── Greeting 2.60457274.cdf
│           ├── Greeting.54138969.cdf
│           ├── Greeting.55011271.cdf
│           ├── Greeting.58860488.cdf
│           ├── Greeting.60457274.cdf
│           ├── Phoning 2.54138969.cdf
│           ├── Phoning 2.55011271.cdf
│           ├── Phoning 2.58860488.cdf
│           ├── Phoning 2.60457274.cdf
│           ├── Phoning 3.54138969.cdf
│           ├── Phoning 3.55011271.cdf
│           ├── Phoning 3.58860488.cdf
│           ├── Phoning 3.60457274.cdf
│           ├── Photo 1.54138969.cdf
│           ├── Photo 1.55011271.cdf
│           ├── Photo 1.58860488.cdf
│           ├── Photo 1.60457274.cdf
│           ├── Photo.54138969.cdf
│           ├── Photo.55011271.cdf
│           ├── Photo.58860488.cdf
│           ├── Photo.60457274.cdf
│           ├── Posing 1.54138969.cdf
│           ├── Posing 1.55011271.cdf
│           ├── Posing 1.58860488.cdf
│           ├── Posing 1.60457274.cdf
│           ├── Posing.54138969.cdf
│           ├── Posing.55011271.cdf
│           ├── Posing.58860488.cdf
│           ├── Posing.60457274.cdf
│           ├── Purchases 1.54138969.cdf
│           ├── Purchases 1.55011271.cdf
│           ├── Purchases 1.58860488.cdf
│           ├── Purchases 1.60457274.cdf
│           ├── Purchases.54138969.cdf
│           ├── Purchases.55011271.cdf
│           ├── Purchases.58860488.cdf
│           ├── Purchases.60457274.cdf
│           ├── Sitting 1.54138969.cdf
│           ├── Sitting 1.55011271.cdf
│           ├── Sitting 1.58860488.cdf
│           ├── Sitting 1.60457274.cdf
│           ├── Sitting.54138969.cdf
│           ├── Sitting.55011271.cdf
│           ├── Sitting.58860488.cdf
│           ├── Sitting.60457274.cdf
│           ├── SittingDown 1.54138969.cdf
│           ├── SittingDown 1.55011271.cdf
│           ├── SittingDown 1.58860488.cdf
│           ├── SittingDown 1.60457274.cdf
│           ├── SittingDown.54138969.cdf
│           ├── SittingDown.55011271.cdf
│           ├── SittingDown.58860488.cdf
│           ├── SittingDown.60457274.cdf
│           ├── Smoking 2.54138969.cdf
│           ├── Smoking 2.55011271.cdf
│           ├── Smoking 2.58860488.cdf
│           ├── Smoking 2.60457274.cdf
│           ├── Smoking.54138969.cdf
│           ├── Smoking.55011271.cdf
│           ├── Smoking.58860488.cdf
│           ├── Smoking.60457274.cdf
│           ├── Waiting 1.54138969.cdf
│           ├── Waiting 1.55011271.cdf
│           ├── Waiting 1.58860488.cdf
│           ├── Waiting 1.60457274.cdf
│           ├── Waiting.54138969.cdf
│           ├── Waiting.55011271.cdf
│           ├── Waiting.58860488.cdf
│           ├── Waiting.60457274.cdf
│           ├── WalkDog 1.54138969.cdf
│           ├── WalkDog 1.55011271.cdf
│           ├── WalkDog 1.58860488.cdf
│           ├── WalkDog 1.60457274.cdf
│           ├── WalkDog.54138969.cdf
│           ├── WalkDog.55011271.cdf
│           ├── WalkDog.58860488.cdf
│           ├── WalkDog.60457274.cdf
│           ├── WalkTogether 1.54138969.cdf
│           ├── WalkTogether 1.55011271.cdf
│           ├── WalkTogether 1.58860488.cdf
│           ├── WalkTogether 1.60457274.cdf
│           ├── WalkTogether.54138969.cdf
│           ├── WalkTogether.55011271.cdf
│           ├── WalkTogether.58860488.cdf
│           ├── WalkTogether.60457274.cdf
│           ├── Walking 1.54138969.cdf
│           ├── Walking 1.55011271.cdf
│           ├── Walking 1.58860488.cdf
│           ├── Walking 1.60457274.cdf
│           ├── Walking.54138969.cdf
│           ├── Walking.55011271.cdf
│           ├── Walking.58860488.cdf
│           └── Walking.60457274.cdf
├── S5
│   └── MyPoseFeatures
│       └── D3_Positions_mono
│           ├── Directions 1.54138969.cdf
│           ├── Directions 1.55011271.cdf
│           ├── Directions 1.58860488.cdf
│           ├── Directions 1.60457274.cdf
│           ├── Directions 2.54138969.cdf
│           ├── Directions 2.55011271.cdf
│           ├── Directions 2.58860488.cdf
│           ├── Directions 2.60457274.cdf
│           ├── Discussion 2.54138969.cdf
│           ├── Discussion 2.55011271.cdf
│           ├── Discussion 2.58860488.cdf
│           ├── Discussion 2.60457274.cdf
│           ├── Discussion 3.54138969.cdf
│           ├── Discussion 3.55011271.cdf
│           ├── Discussion 3.58860488.cdf
│           ├── Discussion 3.60457274.cdf
│           ├── Eating 1.54138969.cdf
│           ├── Eating 1.55011271.cdf
│           ├── Eating 1.58860488.cdf
│           ├── Eating 1.60457274.cdf
│           ├── Eating.54138969.cdf
│           ├── Eating.55011271.cdf
│           ├── Eating.58860488.cdf
│           ├── Eating.60457274.cdf
│           ├── Greeting 1.54138969.cdf
│           ├── Greeting 1.55011271.cdf
│           ├── Greeting 1.58860488.cdf
│           ├── Greeting 1.60457274.cdf
│           ├── Greeting 2.54138969.cdf
│           ├── Greeting 2.55011271.cdf
│           ├── Greeting 2.58860488.cdf
│           ├── Greeting 2.60457274.cdf
│           ├── Phoning 1.54138969.cdf
│           ├── Phoning 1.55011271.cdf
│           ├── Phoning 1.58860488.cdf
│           ├── Phoning 1.60457274.cdf
│           ├── Phoning.54138969.cdf
│           ├── Phoning.55011271.cdf
│           ├── Phoning.58860488.cdf
│           ├── Phoning.60457274.cdf
│           ├── Photo 2.54138969.cdf
│           ├── Photo 2.55011271.cdf
│           ├── Photo 2.58860488.cdf
│           ├── Photo 2.60457274.cdf
│           ├── Photo.54138969.cdf
│           ├── Photo.55011271.cdf
│           ├── Photo.58860488.cdf
│           ├── Photo.60457274.cdf
│           ├── Posing 1.54138969.cdf
│           ├── Posing 1.55011271.cdf
│           ├── Posing 1.58860488.cdf
│           ├── Posing 1.60457274.cdf
│           ├── Posing.54138969.cdf
│           ├── Posing.55011271.cdf
│           ├── Posing.58860488.cdf
│           ├── Posing.60457274.cdf
│           ├── Purchases 1.54138969.cdf
│           ├── Purchases 1.55011271.cdf
│           ├── Purchases 1.58860488.cdf
│           ├── Purchases 1.60457274.cdf
│           ├── Purchases.54138969.cdf
│           ├── Purchases.55011271.cdf
│           ├── Purchases.58860488.cdf
│           ├── Purchases.60457274.cdf
│           ├── Sitting 1.54138969.cdf
│           ├── Sitting 1.55011271.cdf
│           ├── Sitting 1.58860488.cdf
│           ├── Sitting 1.60457274.cdf
│           ├── Sitting.54138969.cdf
│           ├── Sitting.55011271.cdf
│           ├── Sitting.58860488.cdf
│           ├── Sitting.60457274.cdf
│           ├── SittingDown 1.54138969.cdf
│           ├── SittingDown 1.55011271.cdf
│           ├── SittingDown 1.58860488.cdf
│           ├── SittingDown 1.60457274.cdf
│           ├── SittingDown.54138969.cdf
│           ├── SittingDown.55011271.cdf
│           ├── SittingDown.58860488.cdf
│           ├── SittingDown.60457274.cdf
│           ├── Smoking 1.54138969.cdf
│           ├── Smoking 1.55011271.cdf
│           ├── Smoking 1.58860488.cdf
│           ├── Smoking 1.60457274.cdf
│           ├── Smoking.54138969.cdf
│           ├── Smoking.55011271.cdf
│           ├── Smoking.58860488.cdf
│           ├── Smoking.60457274.cdf
│           ├── Waiting 1.54138969.cdf
│           ├── Waiting 1.55011271.cdf
│           ├── Waiting 1.58860488.cdf
│           ├── Waiting 1.60457274.cdf
│           ├── Waiting 2.54138969.cdf
│           ├── Waiting 2.55011271.cdf
│           ├── Waiting 2.58860488.cdf
│           ├── Waiting 2.60457274.cdf
│           ├── WalkDog 1.54138969.cdf
│           ├── WalkDog 1.55011271.cdf
│           ├── WalkDog 1.58860488.cdf
│           ├── WalkDog 1.60457274.cdf
│           ├── WalkDog.54138969.cdf
│           ├── WalkDog.55011271.cdf
│           ├── WalkDog.58860488.cdf
│           ├── WalkDog.60457274.cdf
│           ├── WalkTogether 1.54138969.cdf
│           ├── WalkTogether 1.55011271.cdf
│           ├── WalkTogether 1.58860488.cdf
│           ├── WalkTogether 1.60457274.cdf
│           ├── WalkTogether.54138969.cdf
│           ├── WalkTogether.55011271.cdf
│           ├── WalkTogether.58860488.cdf
│           ├── WalkTogether.60457274.cdf
│           ├── Walking 1.54138969.cdf
│           ├── Walking 1.55011271.cdf
│           ├── Walking 1.58860488.cdf
│           ├── Walking 1.60457274.cdf
│           ├── Walking.54138969.cdf
│           ├── Walking.55011271.cdf
│           ├── Walking.58860488.cdf
│           └── Walking.60457274.cdf
├── S6
│   └── MyPoseFeatures
│       └── D3_Positions_mono
│           ├── Directions 1.54138969.cdf
│           ├── Directions 1.55011271.cdf
│           ├── Directions 1.58860488.cdf
│           ├── Directions 1.60457274.cdf
│           ├── Directions.54138969.cdf
│           ├── Directions.55011271.cdf
│           ├── Directions.58860488.cdf
│           ├── Directions.60457274.cdf
│           ├── Discussion 1.54138969.cdf
│           ├── Discussion 1.55011271.cdf
│           ├── Discussion 1.58860488.cdf
│           ├── Discussion 1.60457274.cdf
│           ├── Discussion.54138969.cdf
│           ├── Discussion.55011271.cdf
│           ├── Discussion.58860488.cdf
│           ├── Discussion.60457274.cdf
│           ├── Eating 1.54138969.cdf
│           ├── Eating 1.55011271.cdf
│           ├── Eating 1.58860488.cdf
│           ├── Eating 1.60457274.cdf
│           ├── Eating 2.54138969.cdf
│           ├── Eating 2.55011271.cdf
│           ├── Eating 2.58860488.cdf
│           ├── Eating 2.60457274.cdf
│           ├── Greeting 1.54138969.cdf
│           ├── Greeting 1.55011271.cdf
│           ├── Greeting 1.58860488.cdf
│           ├── Greeting 1.60457274.cdf
│           ├── Greeting.54138969.cdf
│           ├── Greeting.55011271.cdf
│           ├── Greeting.58860488.cdf
│           ├── Greeting.60457274.cdf
│           ├── Phoning 1.54138969.cdf
│           ├── Phoning 1.55011271.cdf
│           ├── Phoning 1.58860488.cdf
│           ├── Phoning 1.60457274.cdf
│           ├── Phoning.54138969.cdf
│           ├── Phoning.55011271.cdf
│           ├── Phoning.58860488.cdf
│           ├── Phoning.60457274.cdf
│           ├── Photo 1.54138969.cdf
│           ├── Photo 1.55011271.cdf
│           ├── Photo 1.58860488.cdf
│           ├── Photo 1.60457274.cdf
│           ├── Photo.54138969.cdf
│           ├── Photo.55011271.cdf
│           ├── Photo.58860488.cdf
│           ├── Photo.60457274.cdf
│           ├── Posing 2.54138969.cdf
│           ├── Posing 2.55011271.cdf
│           ├── Posing 2.58860488.cdf
│           ├── Posing 2.60457274.cdf
│           ├── Posing.54138969.cdf
│           ├── Posing.55011271.cdf
│           ├── Posing.58860488.cdf
│           ├── Posing.60457274.cdf
│           ├── Purchases 1.54138969.cdf
│           ├── Purchases 1.55011271.cdf
│           ├── Purchases 1.58860488.cdf
│           ├── Purchases 1.60457274.cdf
│           ├── Purchases.54138969.cdf
│           ├── Purchases.55011271.cdf
│           ├── Purchases.58860488.cdf
│           ├── Purchases.60457274.cdf
│           ├── Sitting 1.54138969.cdf
│           ├── Sitting 1.55011271.cdf
│           ├── Sitting 1.58860488.cdf
│           ├── Sitting 1.60457274.cdf
│           ├── Sitting 2.54138969.cdf
│           ├── Sitting 2.55011271.cdf
│           ├── Sitting 2.58860488.cdf
│           ├── Sitting 2.60457274.cdf
│           ├── SittingDown 1.54138969.cdf
│           ├── SittingDown 1.55011271.cdf
│           ├── SittingDown 1.58860488.cdf
│           ├── SittingDown 1.60457274.cdf
│           ├── SittingDown.54138969.cdf
│           ├── SittingDown.55011271.cdf
│           ├── SittingDown.58860488.cdf
│           ├── SittingDown.60457274.cdf
│           ├── Smoking 1.54138969.cdf
│           ├── Smoking 1.55011271.cdf
│           ├── Smoking 1.58860488.cdf
│           ├── Smoking 1.60457274.cdf
│           ├── Smoking.54138969.cdf
│           ├── Smoking.55011271.cdf
│           ├── Smoking.58860488.cdf
│           ├── Smoking.60457274.cdf
│           ├── Waiting 3.54138969.cdf
│           ├── Waiting 3.55011271.cdf
│           ├── Waiting 3.58860488.cdf
│           ├── Waiting 3.60457274.cdf
│           ├── Waiting.54138969.cdf
│           ├── Waiting.55011271.cdf
│           ├── Waiting.58860488.cdf
│           ├── Waiting.60457274.cdf
│           ├── WalkDog 1.54138969.cdf
│           ├── WalkDog 1.55011271.cdf
│           ├── WalkDog 1.58860488.cdf
│           ├── WalkDog 1.60457274.cdf
│           ├── WalkDog.54138969.cdf
│           ├── WalkDog.55011271.cdf
│           ├── WalkDog.58860488.cdf
│           ├── WalkDog.60457274.cdf
│           ├── WalkTogether 1.54138969.cdf
│           ├── WalkTogether 1.55011271.cdf
│           ├── WalkTogether 1.58860488.cdf
│           ├── WalkTogether 1.60457274.cdf
│           ├── WalkTogether.54138969.cdf
│           ├── WalkTogether.55011271.cdf
│           ├── WalkTogether.58860488.cdf
│           ├── WalkTogether.60457274.cdf
│           ├── Walking 1.54138969.cdf
│           ├── Walking 1.55011271.cdf
│           ├── Walking 1.58860488.cdf
│           ├── Walking 1.60457274.cdf
│           ├── Walking.54138969.cdf
│           ├── Walking.55011271.cdf
│           ├── Walking.58860488.cdf
│           └── Walking.60457274.cdf
├── S7
│   └── MyPoseFeatures
│       └── D3_Positions_mono
│           ├── Directions 1.54138969.cdf
│           ├── Directions 1.55011271.cdf
│           ├── Directions 1.58860488.cdf
│           ├── Directions 1.60457274.cdf
│           ├── Directions.54138969.cdf
│           ├── Directions.55011271.cdf
│           ├── Directions.58860488.cdf
│           ├── Directions.60457274.cdf
│           ├── Discussion 1.54138969.cdf
│           ├── Discussion 1.55011271.cdf
│           ├── Discussion 1.58860488.cdf
│           ├── Discussion 1.60457274.cdf
│           ├── Discussion.54138969.cdf
│           ├── Discussion.55011271.cdf
│           ├── Discussion.58860488.cdf
│           ├── Discussion.60457274.cdf
│           ├── Eating 1.54138969.cdf
│           ├── Eating 1.55011271.cdf
│           ├── Eating 1.58860488.cdf
│           ├── Eating 1.60457274.cdf
│           ├── Eating.54138969.cdf
│           ├── Eating.55011271.cdf
│           ├── Eating.58860488.cdf
│           ├── Eating.60457274.cdf
│           ├── Greeting 1.54138969.cdf
│           ├── Greeting 1.55011271.cdf
│           ├── Greeting 1.58860488.cdf
│           ├── Greeting 1.60457274.cdf
│           ├── Greeting.54138969.cdf
│           ├── Greeting.55011271.cdf
│           ├── Greeting.58860488.cdf
│           ├── Greeting.60457274.cdf
│           ├── Phoning 2.54138969.cdf
│           ├── Phoning 2.55011271.cdf
│           ├── Phoning 2.58860488.cdf
│           ├── Phoning 2.60457274.cdf
│           ├── Phoning.54138969.cdf
│           ├── Phoning.55011271.cdf
│           ├── Phoning.58860488.cdf
│           ├── Phoning.60457274.cdf
│           ├── Photo 1.54138969.cdf
│           ├── Photo 1.55011271.cdf
│           ├── Photo 1.58860488.cdf
│           ├── Photo 1.60457274.cdf
│           ├── Photo.54138969.cdf
│           ├── Photo.55011271.cdf
│           ├── Photo.58860488.cdf
│           ├── Photo.60457274.cdf
│           ├── Posing 1.54138969.cdf
│           ├── Posing 1.55011271.cdf
│           ├── Posing 1.58860488.cdf
│           ├── Posing 1.60457274.cdf
│           ├── Posing.54138969.cdf
│           ├── Posing.55011271.cdf
│           ├── Posing.58860488.cdf
│           ├── Posing.60457274.cdf
│           ├── Purchases 1.54138969.cdf
│           ├── Purchases 1.55011271.cdf
│           ├── Purchases 1.58860488.cdf
│           ├── Purchases 1.60457274.cdf
│           ├── Purchases.54138969.cdf
│           ├── Purchases.55011271.cdf
│           ├── Purchases.58860488.cdf
│           ├── Purchases.60457274.cdf
│           ├── Sitting 1.54138969.cdf
│           ├── Sitting 1.55011271.cdf
│           ├── Sitting 1.58860488.cdf
│           ├── Sitting 1.60457274.cdf
│           ├── Sitting.54138969.cdf
│           ├── Sitting.55011271.cdf
│           ├── Sitting.58860488.cdf
│           ├── Sitting.60457274.cdf
│           ├── SittingDown 1.54138969.cdf
│           ├── SittingDown 1.55011271.cdf
│           ├── SittingDown 1.58860488.cdf
│           ├── SittingDown 1.60457274.cdf
│           ├── SittingDown.54138969.cdf
│           ├── SittingDown.55011271.cdf
│           ├── SittingDown.58860488.cdf
│           ├── SittingDown.60457274.cdf
│           ├── Smoking 1.54138969.cdf
│           ├── Smoking 1.55011271.cdf
│           ├── Smoking 1.58860488.cdf
│           ├── Smoking 1.60457274.cdf
│           ├── Smoking.54138969.cdf
│           ├── Smoking.55011271.cdf
│           ├── Smoking.58860488.cdf
│           ├── Smoking.60457274.cdf
│           ├── Waiting 1.54138969.cdf
│           ├── Waiting 1.55011271.cdf
│           ├── Waiting 1.58860488.cdf
│           ├── Waiting 1.60457274.cdf
│           ├── Waiting 2.54138969.cdf
│           ├── Waiting 2.55011271.cdf
│           ├── Waiting 2.58860488.cdf
│           ├── Waiting 2.60457274.cdf
│           ├── WalkDog 1.54138969.cdf
│           ├── WalkDog 1.55011271.cdf
│           ├── WalkDog 1.58860488.cdf
│           ├── WalkDog 1.60457274.cdf
│           ├── WalkDog.54138969.cdf
│           ├── WalkDog.55011271.cdf
│           ├── WalkDog.58860488.cdf
│           ├── WalkDog.60457274.cdf
│           ├── WalkTogether 1.54138969.cdf
│           ├── WalkTogether 1.55011271.cdf
│           ├── WalkTogether 1.58860488.cdf
│           ├── WalkTogether 1.60457274.cdf
│           ├── WalkTogether.54138969.cdf
│           ├── WalkTogether.55011271.cdf
│           ├── WalkTogether.58860488.cdf
│           ├── WalkTogether.60457274.cdf
│           ├── Walking 1.54138969.cdf
│           ├── Walking 1.55011271.cdf
│           ├── Walking 1.58860488.cdf
│           ├── Walking 1.60457274.cdf
│           ├── Walking 2.54138969.cdf
│           ├── Walking 2.55011271.cdf
│           ├── Walking 2.58860488.cdf
│           └── Walking 2.60457274.cdf
├── S8
│   └── MyPoseFeatures
│       └── D3_Positions_mono
│           ├── Directions 1.54138969.cdf
│           ├── Directions 1.55011271.cdf
│           ├── Directions 1.58860488.cdf
│           ├── Directions 1.60457274.cdf
│           ├── Directions.54138969.cdf
│           ├── Directions.55011271.cdf
│           ├── Directions.58860488.cdf
│           ├── Directions.60457274.cdf
│           ├── Discussion 1.54138969.cdf
│           ├── Discussion 1.55011271.cdf
│           ├── Discussion 1.58860488.cdf
│           ├── Discussion 1.60457274.cdf
│           ├── Discussion.54138969.cdf
│           ├── Discussion.55011271.cdf
│           ├── Discussion.58860488.cdf
│           ├── Discussion.60457274.cdf
│           ├── Eating 1.54138969.cdf
│           ├── Eating 1.55011271.cdf
│           ├── Eating 1.58860488.cdf
│           ├── Eating 1.60457274.cdf
│           ├── Eating.54138969.cdf
│           ├── Eating.55011271.cdf
│           ├── Eating.58860488.cdf
│           ├── Eating.60457274.cdf
│           ├── Greeting 1.54138969.cdf
│           ├── Greeting 1.55011271.cdf
│           ├── Greeting 1.58860488.cdf
│           ├── Greeting 1.60457274.cdf
│           ├── Greeting.54138969.cdf
│           ├── Greeting.55011271.cdf
│           ├── Greeting.58860488.cdf
│           ├── Greeting.60457274.cdf
│           ├── Phoning 1.54138969.cdf
│           ├── Phoning 1.55011271.cdf
│           ├── Phoning 1.58860488.cdf
│           ├── Phoning 1.60457274.cdf
│           ├── Phoning.54138969.cdf
│           ├── Phoning.55011271.cdf
│           ├── Phoning.58860488.cdf
│           ├── Phoning.60457274.cdf
│           ├── Photo 1.54138969.cdf
│           ├── Photo 1.55011271.cdf
│           ├── Photo 1.58860488.cdf
│           ├── Photo 1.60457274.cdf
│           ├── Photo.54138969.cdf
│           ├── Photo.55011271.cdf
│           ├── Photo.58860488.cdf
│           ├── Photo.60457274.cdf
│           ├── Posing 1.54138969.cdf
│           ├── Posing 1.55011271.cdf
│           ├── Posing 1.58860488.cdf
│           ├── Posing 1.60457274.cdf
│           ├── Posing.54138969.cdf
│           ├── Posing.55011271.cdf
│           ├── Posing.58860488.cdf
│           ├── Posing.60457274.cdf
│           ├── Purchases 1.54138969.cdf
│           ├── Purchases 1.55011271.cdf
│           ├── Purchases 1.58860488.cdf
│           ├── Purchases 1.60457274.cdf
│           ├── Purchases.54138969.cdf
│           ├── Purchases.55011271.cdf
│           ├── Purchases.58860488.cdf
│           ├── Purchases.60457274.cdf
│           ├── Sitting 1.54138969.cdf
│           ├── Sitting 1.55011271.cdf
│           ├── Sitting 1.58860488.cdf
│           ├── Sitting 1.60457274.cdf
│           ├── Sitting.54138969.cdf
│           ├── Sitting.55011271.cdf
│           ├── Sitting.58860488.cdf
│           ├── Sitting.60457274.cdf
│           ├── SittingDown 1.54138969.cdf
│           ├── SittingDown 1.55011271.cdf
│           ├── SittingDown 1.58860488.cdf
│           ├── SittingDown 1.60457274.cdf
│           ├── SittingDown.54138969.cdf
│           ├── SittingDown.55011271.cdf
│           ├── SittingDown.58860488.cdf
│           ├── SittingDown.60457274.cdf
│           ├── Smoking 1.54138969.cdf
│           ├── Smoking 1.55011271.cdf
│           ├── Smoking 1.58860488.cdf
│           ├── Smoking 1.60457274.cdf
│           ├── Smoking.54138969.cdf
│           ├── Smoking.55011271.cdf
│           ├── Smoking.58860488.cdf
│           ├── Smoking.60457274.cdf
│           ├── Waiting 1.54138969.cdf
│           ├── Waiting 1.55011271.cdf
│           ├── Waiting 1.58860488.cdf
│           ├── Waiting 1.60457274.cdf
│           ├── Waiting.54138969.cdf
│           ├── Waiting.55011271.cdf
│           ├── Waiting.58860488.cdf
│           ├── Waiting.60457274.cdf
│           ├── WalkDog 1.54138969.cdf
│           ├── WalkDog 1.55011271.cdf
│           ├── WalkDog 1.58860488.cdf
│           ├── WalkDog 1.60457274.cdf
│           ├── WalkDog.54138969.cdf
│           ├── WalkDog.55011271.cdf
│           ├── WalkDog.58860488.cdf
│           ├── WalkDog.60457274.cdf
│           ├── WalkTogether 1.54138969.cdf
│           ├── WalkTogether 1.55011271.cdf
│           ├── WalkTogether 1.58860488.cdf
│           ├── WalkTogether 1.60457274.cdf
│           ├── WalkTogether 2.54138969.cdf
│           ├── WalkTogether 2.55011271.cdf
│           ├── WalkTogether 2.58860488.cdf
│           ├── WalkTogether 2.60457274.cdf
│           ├── Walking 1.54138969.cdf
│           ├── Walking 1.55011271.cdf
│           ├── Walking 1.58860488.cdf
│           ├── Walking 1.60457274.cdf
│           ├── Walking.54138969.cdf
│           ├── Walking.55011271.cdf
│           ├── Walking.58860488.cdf
│           └── Walking.60457274.cdf
└── S9
    └── MyPoseFeatures
        └── D3_Positions_mono
            ├── Directions 1.54138969.cdf
            ├── Directions 1.55011271.cdf
            ├── Directions 1.58860488.cdf
            ├── Directions 1.60457274.cdf
            ├── Directions.54138969.cdf
            ├── Directions.55011271.cdf
            ├── Directions.58860488.cdf
            ├── Directions.60457274.cdf
            ├── Discussion 1.54138969.cdf
            ├── Discussion 1.55011271.cdf
            ├── Discussion 1.58860488.cdf
            ├── Discussion 1.60457274.cdf
            ├── Discussion 2.54138969.cdf
            ├── Discussion 2.55011271.cdf
            ├── Discussion 2.58860488.cdf
            ├── Discussion 2.60457274.cdf
            ├── Eating 1.54138969.cdf
            ├── Eating 1.55011271.cdf
            ├── Eating 1.58860488.cdf
            ├── Eating 1.60457274.cdf
            ├── Eating.54138969.cdf
            ├── Eating.55011271.cdf
            ├── Eating.58860488.cdf
            ├── Eating.60457274.cdf
            ├── Greeting 1.54138969.cdf
            ├── Greeting 1.55011271.cdf
            ├── Greeting 1.58860488.cdf
            ├── Greeting 1.60457274.cdf
            ├── Greeting.54138969.cdf
            ├── Greeting.55011271.cdf
            ├── Greeting.58860488.cdf
            ├── Greeting.60457274.cdf
            ├── Phoning 1.54138969.cdf
            ├── Phoning 1.55011271.cdf
            ├── Phoning 1.58860488.cdf
            ├── Phoning 1.60457274.cdf
            ├── Phoning.54138969.cdf
            ├── Phoning.55011271.cdf
            ├── Phoning.58860488.cdf
            ├── Phoning.60457274.cdf
            ├── Photo 1.54138969.cdf
            ├── Photo 1.55011271.cdf
            ├── Photo 1.58860488.cdf
            ├── Photo 1.60457274.cdf
            ├── Photo.54138969.cdf
            ├── Photo.55011271.cdf
            ├── Photo.58860488.cdf
            ├── Photo.60457274.cdf
            ├── Posing 1.54138969.cdf
            ├── Posing 1.55011271.cdf
            ├── Posing 1.58860488.cdf
            ├── Posing 1.60457274.cdf
            ├── Posing.54138969.cdf
            ├── Posing.55011271.cdf
            ├── Posing.58860488.cdf
            ├── Posing.60457274.cdf
            ├── Purchases 1.54138969.cdf
            ├── Purchases 1.55011271.cdf
            ├── Purchases 1.58860488.cdf
            ├── Purchases 1.60457274.cdf
            ├── Purchases.54138969.cdf
            ├── Purchases.55011271.cdf
            ├── Purchases.58860488.cdf
            ├── Purchases.60457274.cdf
            ├── Sitting 1.54138969.cdf
            ├── Sitting 1.55011271.cdf
            ├── Sitting 1.58860488.cdf
            ├── Sitting 1.60457274.cdf
            ├── Sitting.54138969.cdf
            ├── Sitting.55011271.cdf
            ├── Sitting.58860488.cdf
            ├── Sitting.60457274.cdf
            ├── SittingDown 1.54138969.cdf
            ├── SittingDown 1.55011271.cdf
            ├── SittingDown 1.58860488.cdf
            ├── SittingDown 1.60457274.cdf
            ├── SittingDown.54138969.cdf
            ├── SittingDown.55011271.cdf
            ├── SittingDown.58860488.cdf
            ├── SittingDown.60457274.cdf
            ├── Smoking 1.54138969.cdf
            ├── Smoking 1.55011271.cdf
            ├── Smoking 1.58860488.cdf
            ├── Smoking 1.60457274.cdf
            ├── Smoking.54138969.cdf
            ├── Smoking.55011271.cdf
            ├── Smoking.58860488.cdf
            ├── Smoking.60457274.cdf
            ├── Waiting 1.54138969.cdf
            ├── Waiting 1.55011271.cdf
            ├── Waiting 1.58860488.cdf
            ├── Waiting 1.60457274.cdf
            ├── Waiting.54138969.cdf
            ├── Waiting.55011271.cdf
            ├── Waiting.58860488.cdf
            ├── Waiting.60457274.cdf
            ├── WalkDog 1.54138969.cdf
            ├── WalkDog 1.55011271.cdf
            ├── WalkDog 1.58860488.cdf
            ├── WalkDog 1.60457274.cdf
            ├── WalkDog.54138969.cdf
            ├── WalkDog.55011271.cdf
            ├── WalkDog.58860488.cdf
            ├── WalkDog.60457274.cdf
            ├── WalkTogether 1.54138969.cdf
            ├── WalkTogether 1.55011271.cdf
            ├── WalkTogether 1.58860488.cdf
            ├── WalkTogether 1.60457274.cdf
            ├── WalkTogether.54138969.cdf
            ├── WalkTogether.55011271.cdf
            ├── WalkTogether.58860488.cdf
            ├── WalkTogether.60457274.cdf
            ├── Walking 1.54138969.cdf
            ├── Walking 1.55011271.cdf
            ├── Walking 1.58860488.cdf
            ├── Walking 1.60457274.cdf
            ├── Walking.54138969.cdf
            ├── Walking.55011271.cdf
            ├── Walking.58860488.cdf
            └── Walking.60457274.cdf

21 directories, 840 files
