/data/h36m/2e-decompressed-videos
├── S1
│   └── Videos
│       ├── Directions 1.54138969.mp4
│       ├── Directions 1.55011271.mp4
│       ├── Directions 1.58860488.mp4
│       ├── Directions 1.60457274.mp4
│       ├── Directions.54138969.mp4
│       ├── Directions.55011271.mp4
│       ├── Directions.58860488.mp4
│       ├── Directions.60457274.mp4
│       ├── Discussion 1.54138969.mp4
│       ├── Discussion 1.55011271.mp4
│       ├── Discussion 1.58860488.mp4
│       ├── Discussion 1.60457274.mp4
│       ├── Discussion.54138969.mp4
│       ├── Discussion.55011271.mp4
│       ├── Discussion.58860488.mp4
│       ├── Discussion.60457274.mp4
│       ├── Eating 2.54138969.mp4
│       ├── Eating 2.55011271.mp4
│       ├── Eating 2.58860488.mp4
│       ├── Eating 2.60457274.mp4
│       ├── Eating.54138969.mp4
│       ├── Eating.55011271.mp4
│       ├── Eating.58860488.mp4
│       ├── Eating.60457274.mp4
│       ├── Greeting 1.54138969.mp4
│       ├── Greeting 1.55011271.mp4
│       ├── Greeting 1.58860488.mp4
│       ├── Greeting 1.60457274.mp4
│       ├── Greeting.54138969.mp4
│       ├── Greeting.55011271.mp4
│       ├── Greeting.58860488.mp4
│       ├── Greeting.60457274.mp4
│       ├── Phoning 1.54138969.mp4
│       ├── Phoning 1.55011271.mp4
│       ├── Phoning 1.58860488.mp4
│       ├── Phoning 1.60457274.mp4
│       ├── Phoning.54138969.mp4
│       ├── Phoning.55011271.mp4
│       ├── Phoning.58860488.mp4
│       ├── Phoning.60457274.mp4
│       ├── Posing 1.54138969.mp4
│       ├── Posing 1.55011271.mp4
│       ├── Posing 1.58860488.mp4
│       ├── Posing 1.60457274.mp4
│       ├── Posing.54138969.mp4
│       ├── Posing.55011271.mp4
│       ├── Posing.58860488.mp4
│       ├── Posing.60457274.mp4
│       ├── Purchases 1.54138969.mp4
│       ├── Purchases 1.55011271.mp4
│       ├── Purchases 1.58860488.mp4
│       ├── Purchases 1.60457274.mp4
│       ├── Purchases.54138969.mp4
│       ├── Purchases.55011271.mp4
│       ├── Purchases.58860488.mp4
│       ├── Purchases.60457274.mp4
│       ├── Sitting 1.54138969.mp4
│       ├── Sitting 1.55011271.mp4
│       ├── Sitting 1.58860488.mp4
│       ├── Sitting 1.60457274.mp4
│       ├── Sitting 2.54138969.mp4
│       ├── Sitting 2.55011271.mp4
│       ├── Sitting 2.58860488.mp4
│       ├── Sitting 2.60457274.mp4
│       ├── SittingDown 2.54138969.mp4
│       ├── SittingDown 2.55011271.mp4
│       ├── SittingDown 2.58860488.mp4
│       ├── SittingDown 2.60457274.mp4
│       ├── SittingDown.54138969.mp4
│       ├── SittingDown.55011271.mp4
│       ├── SittingDown.58860488.mp4
│       ├── SittingDown.60457274.mp4
│       ├── Smoking 1.54138969.mp4
│       ├── Smoking 1.55011271.mp4
│       ├── Smoking 1.58860488.mp4
│       ├── Smoking 1.60457274.mp4
│       ├── Smoking.54138969.mp4
│       ├── Smoking.55011271.mp4
│       ├── Smoking.58860488.mp4
│       ├── Smoking.60457274.mp4
│       ├── TakingPhoto 1.54138969.mp4
│       ├── TakingPhoto 1.55011271.mp4
│       ├── TakingPhoto 1.58860488.mp4
│       ├── TakingPhoto 1.60457274.mp4
│       ├── TakingPhoto.54138969.mp4
│       ├── TakingPhoto.55011271.mp4
│       ├── TakingPhoto.58860488.mp4
│       ├── TakingPhoto.60457274.mp4
│       ├── Waiting 1.54138969.mp4
│       ├── Waiting 1.55011271.mp4
│       ├── Waiting 1.58860488.mp4
│       ├── Waiting 1.60457274.mp4
│       ├── Waiting.54138969.mp4
│       ├── Waiting.55011271.mp4
│       ├── Waiting.58860488.mp4
│       ├── Waiting.60457274.mp4
│       ├── WalkTogether 1.54138969.mp4
│       ├── WalkTogether 1.55011271.mp4
│       ├── WalkTogether 1.58860488.mp4
│       ├── WalkTogether 1.60457274.mp4
│       ├── WalkTogether.54138969.mp4
│       ├── WalkTogether.55011271.mp4
│       ├── WalkTogether.58860488.mp4
│       ├── WalkTogether.60457274.mp4
│       ├── Walking 1.54138969.mp4
│       ├── Walking 1.55011271.mp4
│       ├── Walking 1.58860488.mp4
│       ├── Walking 1.60457274.mp4
│       ├── Walking.54138969.mp4
│       ├── Walking.55011271.mp4
│       ├── Walking.58860488.mp4
│       ├── Walking.60457274.mp4
│       ├── WalkingDog 1.54138969.mp4
│       ├── WalkingDog 1.55011271.mp4
│       ├── WalkingDog 1.58860488.mp4
│       ├── WalkingDog 1.60457274.mp4
│       ├── WalkingDog.54138969.mp4
│       ├── WalkingDog.55011271.mp4
│       ├── WalkingDog.58860488.mp4
│       ├── WalkingDog.60457274.mp4
│       ├── _ALL 1.54138969.mp4
│       ├── _ALL 1.55011271.mp4
│       ├── _ALL 1.58860488.mp4
│       ├── _ALL 1.60457274.mp4
│       ├── _ALL.54138969.mp4
│       ├── _ALL.55011271.mp4
│       ├── _ALL.58860488.mp4
│       └── _ALL.60457274.mp4
├── S11
│   └── Videos
│       ├── Directions 1.54138969.mp4
│       ├── Directions 1.55011271.mp4
│       ├── Directions 1.58860488.mp4
│       ├── Directions 1.60457274.mp4
│       ├── Directions.54138969.mp4
│       ├── Directions.55011271.mp4
│       ├── Directions.58860488.mp4
│       ├── Directions.60457274.mp4
│       ├── Discussion 1.54138969.mp4
│       ├── Discussion 1.55011271.mp4
│       ├── Discussion 1.58860488.mp4
│       ├── Discussion 1.60457274.mp4
│       ├── Discussion 2.54138969.mp4
│       ├── Discussion 2.55011271.mp4
│       ├── Discussion 2.58860488.mp4
│       ├── Discussion 2.60457274.mp4
│       ├── Eating 1.54138969.mp4
│       ├── Eating 1.55011271.mp4
│       ├── Eating 1.58860488.mp4
│       ├── Eating 1.60457274.mp4
│       ├── Eating.54138969.mp4
│       ├── Eating.55011271.mp4
│       ├── Eating.58860488.mp4
│       ├── Eating.60457274.mp4
│       ├── Greeting 2.54138969.mp4
│       ├── Greeting 2.55011271.mp4
│       ├── Greeting 2.58860488.mp4
│       ├── Greeting 2.60457274.mp4
│       ├── Greeting.54138969.mp4
│       ├── Greeting.55011271.mp4
│       ├── Greeting.58860488.mp4
│       ├── Greeting.60457274.mp4
│       ├── Phoning 2.54138969.mp4
│       ├── Phoning 2.55011271.mp4
│       ├── Phoning 2.58860488.mp4
│       ├── Phoning 2.60457274.mp4
│       ├── Phoning 3.54138969.mp4
│       ├── Phoning 3.55011271.mp4
│       ├── Phoning 3.58860488.mp4
│       ├── Phoning 3.60457274.mp4
│       ├── Photo 1.54138969.mp4
│       ├── Photo 1.55011271.mp4
│       ├── Photo 1.58860488.mp4
│       ├── Photo 1.60457274.mp4
│       ├── Photo.54138969.mp4
│       ├── Photo.55011271.mp4
│       ├── Photo.58860488.mp4
│       ├── Photo.60457274.mp4
│       ├── Posing 1.54138969.mp4
│       ├── Posing 1.55011271.mp4
│       ├── Posing 1.58860488.mp4
│       ├── Posing 1.60457274.mp4
│       ├── Posing.54138969.mp4
│       ├── Posing.55011271.mp4
│       ├── Posing.58860488.mp4
│       ├── Posing.60457274.mp4
│       ├── Purchases 1.54138969.mp4
│       ├── Purchases 1.55011271.mp4
│       ├── Purchases 1.58860488.mp4
│       ├── Purchases 1.60457274.mp4
│       ├── Purchases.54138969.mp4
│       ├── Purchases.55011271.mp4
│       ├── Purchases.58860488.mp4
│       ├── Purchases.60457274.mp4
│       ├── Sitting 1.54138969.mp4
│       ├── Sitting 1.55011271.mp4
│       ├── Sitting 1.58860488.mp4
│       ├── Sitting 1.60457274.mp4
│       ├── Sitting.54138969.mp4
│       ├── Sitting.55011271.mp4
│       ├── Sitting.58860488.mp4
│       ├── Sitting.60457274.mp4
│       ├── SittingDown 1.54138969.mp4
│       ├── SittingDown 1.55011271.mp4
│       ├── SittingDown 1.58860488.mp4
│       ├── SittingDown 1.60457274.mp4
│       ├── SittingDown.54138969.mp4
│       ├── SittingDown.55011271.mp4
│       ├── SittingDown.58860488.mp4
│       ├── SittingDown.60457274.mp4
│       ├── Smoking 2.54138969.mp4
│       ├── Smoking 2.55011271.mp4
│       ├── Smoking 2.58860488.mp4
│       ├── Smoking 2.60457274.mp4
│       ├── Smoking.54138969.mp4
│       ├── Smoking.55011271.mp4
│       ├── Smoking.58860488.mp4
│       ├── Smoking.60457274.mp4
│       ├── Waiting 1.54138969.mp4
│       ├── Waiting 1.55011271.mp4
│       ├── Waiting 1.58860488.mp4
│       ├── Waiting 1.60457274.mp4
│       ├── Waiting.54138969.mp4
│       ├── Waiting.55011271.mp4
│       ├── Waiting.58860488.mp4
│       ├── Waiting.60457274.mp4
│       ├── WalkDog 1.54138969.mp4
│       ├── WalkDog 1.55011271.mp4
│       ├── WalkDog 1.58860488.mp4
│       ├── WalkDog 1.60457274.mp4
│       ├── WalkDog.54138969.mp4
│       ├── WalkDog.55011271.mp4
│       ├── WalkDog.58860488.mp4
│       ├── WalkDog.60457274.mp4
│       ├── WalkTogether 1.54138969.mp4
│       ├── WalkTogether 1.55011271.mp4
│       ├── WalkTogether 1.58860488.mp4
│       ├── WalkTogether 1.60457274.mp4
│       ├── WalkTogether.54138969.mp4
│       ├── WalkTogether.55011271.mp4
│       ├── WalkTogether.58860488.mp4
│       ├── WalkTogether.60457274.mp4
│       ├── Walking 1.54138969.mp4
│       ├── Walking 1.55011271.mp4
│       ├── Walking 1.58860488.mp4
│       ├── Walking 1.60457274.mp4
│       ├── Walking.54138969.mp4
│       ├── Walking.55011271.mp4
│       ├── Walking.58860488.mp4
│       ├── Walking.60457274.mp4
│       ├── _ALL 1.54138969.mp4
│       ├── _ALL 1.55011271.mp4
│       ├── _ALL 1.58860488.mp4
│       ├── _ALL 1.60457274.mp4
│       ├── _ALL.54138969.mp4
│       ├── _ALL.55011271.mp4
│       ├── _ALL.58860488.mp4
│       └── _ALL.60457274.mp4
├── S5
│   └── Videos
│       ├── Directions 1.54138969.mp4
│       ├── Directions 1.55011271.mp4
│       ├── Directions 1.58860488.mp4
│       ├── Directions 1.60457274.mp4
│       ├── Directions 2.54138969.mp4
│       ├── Directions 2.55011271.mp4
│       ├── Directions 2.58860488.mp4
│       ├── Directions 2.60457274.mp4
│       ├── Discussion 2.54138969.mp4
│       ├── Discussion 2.55011271.mp4
│       ├── Discussion 2.58860488.mp4
│       ├── Discussion 2.60457274.mp4
│       ├── Discussion 3.54138969.mp4
│       ├── Discussion 3.55011271.mp4
│       ├── Discussion 3.58860488.mp4
│       ├── Discussion 3.60457274.mp4
│       ├── Eating 1.54138969.mp4
│       ├── Eating 1.55011271.mp4
│       ├── Eating 1.58860488.mp4
│       ├── Eating 1.60457274.mp4
│       ├── Eating.54138969.mp4
│       ├── Eating.55011271.mp4
│       ├── Eating.58860488.mp4
│       ├── Eating.60457274.mp4
│       ├── Greeting 1.54138969.mp4
│       ├── Greeting 1.55011271.mp4
│       ├── Greeting 1.58860488.mp4
│       ├── Greeting 1.60457274.mp4
│       ├── Greeting 2.54138969.mp4
│       ├── Greeting 2.55011271.mp4
│       ├── Greeting 2.58860488.mp4
│       ├── Greeting 2.60457274.mp4
│       ├── Phoning 1.54138969.mp4
│       ├── Phoning 1.55011271.mp4
│       ├── Phoning 1.58860488.mp4
│       ├── Phoning 1.60457274.mp4
│       ├── Phoning.54138969.mp4
│       ├── Phoning.55011271.mp4
│       ├── Phoning.58860488.mp4
│       ├── Phoning.60457274.mp4
│       ├── Photo 2.54138969.mp4
│       ├── Photo 2.55011271.mp4
│       ├── Photo 2.58860488.mp4
│       ├── Photo 2.60457274.mp4
│       ├── Photo.54138969.mp4
│       ├── Photo.55011271.mp4
│       ├── Photo.58860488.mp4
│       ├── Photo.60457274.mp4
│       ├── Posing 1.54138969.mp4
│       ├── Posing 1.55011271.mp4
│       ├── Posing 1.58860488.mp4
│       ├── Posing 1.60457274.mp4
│       ├── Posing.54138969.mp4
│       ├── Posing.55011271.mp4
│       ├── Posing.58860488.mp4
│       ├── Posing.60457274.mp4
│       ├── Purchases 1.54138969.mp4
│       ├── Purchases 1.55011271.mp4
│       ├── Purchases 1.58860488.mp4
│       ├── Purchases 1.60457274.mp4
│       ├── Purchases.54138969.mp4
│       ├── Purchases.55011271.mp4
│       ├── Purchases.58860488.mp4
│       ├── Purchases.60457274.mp4
│       ├── Sitting 1.54138969.mp4
│       ├── Sitting 1.55011271.mp4
│       ├── Sitting 1.58860488.mp4
│       ├── Sitting 1.60457274.mp4
│       ├── Sitting.54138969.mp4
│       ├── Sitting.55011271.mp4
│       ├── Sitting.58860488.mp4
│       ├── Sitting.60457274.mp4
│       ├── SittingDown 1.54138969.mp4
│       ├── SittingDown 1.55011271.mp4
│       ├── SittingDown 1.58860488.mp4
│       ├── SittingDown 1.60457274.mp4
│       ├── SittingDown.54138969.mp4
│       ├── SittingDown.55011271.mp4
│       ├── SittingDown.58860488.mp4
│       ├── SittingDown.60457274.mp4
│       ├── Smoking 1.54138969.mp4
│       ├── Smoking 1.55011271.mp4
│       ├── Smoking 1.58860488.mp4
│       ├── Smoking 1.60457274.mp4
│       ├── Smoking.54138969.mp4
│       ├── Smoking.55011271.mp4
│       ├── Smoking.58860488.mp4
│       ├── Smoking.60457274.mp4
│       ├── Waiting 1.54138969.mp4
│       ├── Waiting 1.55011271.mp4
│       ├── Waiting 1.58860488.mp4
│       ├── Waiting 1.60457274.mp4
│       ├── Waiting 2.54138969.mp4
│       ├── Waiting 2.55011271.mp4
│       ├── Waiting 2.58860488.mp4
│       ├── Waiting 2.60457274.mp4
│       ├── WalkDog 1.54138969.mp4
│       ├── WalkDog 1.55011271.mp4
│       ├── WalkDog 1.58860488.mp4
│       ├── WalkDog 1.60457274.mp4
│       ├── WalkDog.54138969.mp4
│       ├── WalkDog.55011271.mp4
│       ├── WalkDog.58860488.mp4
│       ├── WalkDog.60457274.mp4
│       ├── WalkTogether 1.54138969.mp4
│       ├── WalkTogether 1.55011271.mp4
│       ├── WalkTogether 1.58860488.mp4
│       ├── WalkTogether 1.60457274.mp4
│       ├── WalkTogether.54138969.mp4
│       ├── WalkTogether.55011271.mp4
│       ├── WalkTogether.58860488.mp4
│       ├── WalkTogether.60457274.mp4
│       ├── Walking 1.54138969.mp4
│       ├── Walking 1.55011271.mp4
│       ├── Walking 1.58860488.mp4
│       ├── Walking 1.60457274.mp4
│       ├── Walking.54138969.mp4
│       ├── Walking.55011271.mp4
│       ├── Walking.58860488.mp4
│       ├── Walking.60457274.mp4
│       ├── _ALL 1.54138969.mp4
│       ├── _ALL 1.55011271.mp4
│       ├── _ALL 1.58860488.mp4
│       ├── _ALL 1.60457274.mp4
│       ├── _ALL.54138969.mp4
│       ├── _ALL.55011271.mp4
│       ├── _ALL.58860488.mp4
│       └── _ALL.60457274.mp4
├── S6
│   └── Videos
│       ├── Directions 1.54138969.mp4
│       ├── Directions 1.55011271.mp4
│       ├── Directions 1.58860488.mp4
│       ├── Directions 1.60457274.mp4
│       ├── Directions.54138969.mp4
│       ├── Directions.55011271.mp4
│       ├── Directions.58860488.mp4
│       ├── Directions.60457274.mp4
│       ├── Discussion 1.54138969.mp4
│       ├── Discussion 1.55011271.mp4
│       ├── Discussion 1.58860488.mp4
│       ├── Discussion 1.60457274.mp4
│       ├── Discussion.54138969.mp4
│       ├── Discussion.55011271.mp4
│       ├── Discussion.58860488.mp4
│       ├── Discussion.60457274.mp4
│       ├── Eating 1.54138969.mp4
│       ├── Eating 1.55011271.mp4
│       ├── Eating 1.58860488.mp4
│       ├── Eating 1.60457274.mp4
│       ├── Eating 2.54138969.mp4
│       ├── Eating 2.55011271.mp4
│       ├── Eating 2.58860488.mp4
│       ├── Eating 2.60457274.mp4
│       ├── Greeting 1.54138969.mp4
│       ├── Greeting 1.55011271.mp4
│       ├── Greeting 1.58860488.mp4
│       ├── Greeting 1.60457274.mp4
│       ├── Greeting.54138969.mp4
│       ├── Greeting.55011271.mp4
│       ├── Greeting.58860488.mp4
│       ├── Greeting.60457274.mp4
│       ├── Phoning 1.54138969.mp4
│       ├── Phoning 1.55011271.mp4
│       ├── Phoning 1.58860488.mp4
│       ├── Phoning 1.60457274.mp4
│       ├── Phoning.54138969.mp4
│       ├── Phoning.55011271.mp4
│       ├── Phoning.58860488.mp4
│       ├── Phoning.60457274.mp4
│       ├── Photo 1.54138969.mp4
│       ├── Photo 1.55011271.mp4
│       ├── Photo 1.58860488.mp4
│       ├── Photo 1.60457274.mp4
│       ├── Photo.54138969.mp4
│       ├── Photo.55011271.mp4
│       ├── Photo.58860488.mp4
│       ├── Photo.60457274.mp4
│       ├── Posing 2.54138969.mp4
│       ├── Posing 2.55011271.mp4
│       ├── Posing 2.58860488.mp4
│       ├── Posing 2.60457274.mp4
│       ├── Posing.54138969.mp4
│       ├── Posing.55011271.mp4
│       ├── Posing.58860488.mp4
│       ├── Posing.60457274.mp4
│       ├── Purchases 1.54138969.mp4
│       ├── Purchases 1.55011271.mp4
│       ├── Purchases 1.58860488.mp4
│       ├── Purchases 1.60457274.mp4
│       ├── Purchases.54138969.mp4
│       ├── Purchases.55011271.mp4
│       ├── Purchases.58860488.mp4
│       ├── Purchases.60457274.mp4
│       ├── Sitting 1.54138969.mp4
│       ├── Sitting 1.55011271.mp4
│       ├── Sitting 1.58860488.mp4
│       ├── Sitting 1.60457274.mp4
│       ├── Sitting 2.54138969.mp4
│       ├── Sitting 2.55011271.mp4
│       ├── Sitting 2.58860488.mp4
│       ├── Sitting 2.60457274.mp4
│       ├── SittingDown 1.54138969.mp4
│       ├── SittingDown 1.55011271.mp4
│       ├── SittingDown 1.58860488.mp4
│       ├── SittingDown 1.60457274.mp4
│       ├── SittingDown.54138969.mp4
│       ├── SittingDown.55011271.mp4
│       ├── SittingDown.58860488.mp4
│       ├── SittingDown.60457274.mp4
│       ├── Smoking 1.54138969.mp4
│       ├── Smoking 1.55011271.mp4
│       ├── Smoking 1.58860488.mp4
│       ├── Smoking 1.60457274.mp4
│       ├── Smoking.54138969.mp4
│       ├── Smoking.55011271.mp4
│       ├── Smoking.58860488.mp4
│       ├── Smoking.60457274.mp4
│       ├── Waiting 3.54138969.mp4
│       ├── Waiting 3.55011271.mp4
│       ├── Waiting 3.58860488.mp4
│       ├── Waiting 3.60457274.mp4
│       ├── Waiting.54138969.mp4
│       ├── Waiting.55011271.mp4
│       ├── Waiting.58860488.mp4
│       ├── Waiting.60457274.mp4
│       ├── WalkDog 1.54138969.mp4
│       ├── WalkDog 1.55011271.mp4
│       ├── WalkDog 1.58860488.mp4
│       ├── WalkDog 1.60457274.mp4
│       ├── WalkDog.54138969.mp4
│       ├── WalkDog.55011271.mp4
│       ├── WalkDog.58860488.mp4
│       ├── WalkDog.60457274.mp4
│       ├── WalkTogether 1.54138969.mp4
│       ├── WalkTogether 1.55011271.mp4
│       ├── WalkTogether 1.58860488.mp4
│       ├── WalkTogether 1.60457274.mp4
│       ├── WalkTogether.54138969.mp4
│       ├── WalkTogether.55011271.mp4
│       ├── WalkTogether.58860488.mp4
│       ├── WalkTogether.60457274.mp4
│       ├── Walking 1.54138969.mp4
│       ├── Walking 1.55011271.mp4
│       ├── Walking 1.58860488.mp4
│       ├── Walking 1.60457274.mp4
│       ├── Walking.54138969.mp4
│       ├── Walking.55011271.mp4
│       ├── Walking.58860488.mp4
│       ├── Walking.60457274.mp4
│       ├── _ALL 1.54138969.mp4
│       ├── _ALL 1.55011271.mp4
│       ├── _ALL 1.58860488.mp4
│       ├── _ALL 1.60457274.mp4
│       ├── _ALL.54138969.mp4
│       ├── _ALL.55011271.mp4
│       ├── _ALL.58860488.mp4
│       └── _ALL.60457274.mp4
├── S7
│   └── Videos
│       ├── Directions 1.54138969.mp4
│       ├── Directions 1.55011271.mp4
│       ├── Directions 1.58860488.mp4
│       ├── Directions 1.60457274.mp4
│       ├── Directions.54138969.mp4
│       ├── Directions.55011271.mp4
│       ├── Directions.58860488.mp4
│       ├── Directions.60457274.mp4
│       ├── Discussion 1.54138969.mp4
│       ├── Discussion 1.55011271.mp4
│       ├── Discussion 1.58860488.mp4
│       ├── Discussion 1.60457274.mp4
│       ├── Discussion.54138969.mp4
│       ├── Discussion.55011271.mp4
│       ├── Discussion.58860488.mp4
│       ├── Discussion.60457274.mp4
│       ├── Eating 1.54138969.mp4
│       ├── Eating 1.55011271.mp4
│       ├── Eating 1.58860488.mp4
│       ├── Eating 1.60457274.mp4
│       ├── Eating.54138969.mp4
│       ├── Eating.55011271.mp4
│       ├── Eating.58860488.mp4
│       ├── Eating.60457274.mp4
│       ├── Greeting 1.54138969.mp4
│       ├── Greeting 1.55011271.mp4
│       ├── Greeting 1.58860488.mp4
│       ├── Greeting 1.60457274.mp4
│       ├── Greeting.54138969.mp4
│       ├── Greeting.55011271.mp4
│       ├── Greeting.58860488.mp4
│       ├── Greeting.60457274.mp4
│       ├── Phoning 2.54138969.mp4
│       ├── Phoning 2.55011271.mp4
│       ├── Phoning 2.58860488.mp4
│       ├── Phoning 2.60457274.mp4
│       ├── Phoning.54138969.mp4
│       ├── Phoning.55011271.mp4
│       ├── Phoning.58860488.mp4
│       ├── Phoning.60457274.mp4
│       ├── Photo 1.54138969.mp4
│       ├── Photo 1.55011271.mp4
│       ├── Photo 1.58860488.mp4
│       ├── Photo 1.60457274.mp4
│       ├── Photo.54138969.mp4
│       ├── Photo.55011271.mp4
│       ├── Photo.58860488.mp4
│       ├── Photo.60457274.mp4
│       ├── Posing 1.54138969.mp4
│       ├── Posing 1.55011271.mp4
│       ├── Posing 1.58860488.mp4
│       ├── Posing 1.60457274.mp4
│       ├── Posing.54138969.mp4
│       ├── Posing.55011271.mp4
│       ├── Posing.58860488.mp4
│       ├── Posing.60457274.mp4
│       ├── Purchases 1.54138969.mp4
│       ├── Purchases 1.55011271.mp4
│       ├── Purchases 1.58860488.mp4
│       ├── Purchases 1.60457274.mp4
│       ├── Purchases.54138969.mp4
│       ├── Purchases.55011271.mp4
│       ├── Purchases.58860488.mp4
│       ├── Purchases.60457274.mp4
│       ├── Sitting 1.54138969.mp4
│       ├── Sitting 1.55011271.mp4
│       ├── Sitting 1.58860488.mp4
│       ├── Sitting 1.60457274.mp4
│       ├── Sitting.54138969.mp4
│       ├── Sitting.55011271.mp4
│       ├── Sitting.58860488.mp4
│       ├── Sitting.60457274.mp4
│       ├── SittingDown 1.54138969.mp4
│       ├── SittingDown 1.55011271.mp4
│       ├── SittingDown 1.58860488.mp4
│       ├── SittingDown 1.60457274.mp4
│       ├── SittingDown.54138969.mp4
│       ├── SittingDown.55011271.mp4
│       ├── SittingDown.58860488.mp4
│       ├── SittingDown.60457274.mp4
│       ├── Smoking 1.54138969.mp4
│       ├── Smoking 1.55011271.mp4
│       ├── Smoking 1.58860488.mp4
│       ├── Smoking 1.60457274.mp4
│       ├── Smoking.54138969.mp4
│       ├── Smoking.55011271.mp4
│       ├── Smoking.58860488.mp4
│       ├── Smoking.60457274.mp4
│       ├── Waiting 1.54138969.mp4
│       ├── Waiting 1.55011271.mp4
│       ├── Waiting 1.58860488.mp4
│       ├── Waiting 1.60457274.mp4
│       ├── Waiting 2.54138969.mp4
│       ├── Waiting 2.55011271.mp4
│       ├── Waiting 2.58860488.mp4
│       ├── Waiting 2.60457274.mp4
│       ├── WalkDog 1.54138969.mp4
│       ├── WalkDog 1.55011271.mp4
│       ├── WalkDog 1.58860488.mp4
│       ├── WalkDog 1.60457274.mp4
│       ├── WalkDog.54138969.mp4
│       ├── WalkDog.55011271.mp4
│       ├── WalkDog.58860488.mp4
│       ├── WalkDog.60457274.mp4
│       ├── WalkTogether 1.54138969.mp4
│       ├── WalkTogether 1.55011271.mp4
│       ├── WalkTogether 1.58860488.mp4
│       ├── WalkTogether 1.60457274.mp4
│       ├── WalkTogether.54138969.mp4
│       ├── WalkTogether.55011271.mp4
│       ├── WalkTogether.58860488.mp4
│       ├── WalkTogether.60457274.mp4
│       ├── Walking 1.54138969.mp4
│       ├── Walking 1.55011271.mp4
│       ├── Walking 1.58860488.mp4
│       ├── Walking 1.60457274.mp4
│       ├── Walking 2.54138969.mp4
│       ├── Walking 2.55011271.mp4
│       ├── Walking 2.58860488.mp4
│       ├── Walking 2.60457274.mp4
│       ├── _ALL 1.54138969.mp4
│       ├── _ALL 1.55011271.mp4
│       ├── _ALL 1.58860488.mp4
│       ├── _ALL 1.60457274.mp4
│       ├── _ALL.54138969.mp4
│       ├── _ALL.55011271.mp4
│       ├── _ALL.58860488.mp4
│       └── _ALL.60457274.mp4
├── S8
│   └── Videos
│       ├── Directions 1.54138969.mp4
│       ├── Directions 1.55011271.mp4
│       ├── Directions 1.58860488.mp4
│       ├── Directions 1.60457274.mp4
│       ├── Directions.54138969.mp4
│       ├── Directions.55011271.mp4
│       ├── Directions.58860488.mp4
│       ├── Directions.60457274.mp4
│       ├── Discussion 1.54138969.mp4
│       ├── Discussion 1.55011271.mp4
│       ├── Discussion 1.58860488.mp4
│       ├── Discussion 1.60457274.mp4
│       ├── Discussion.54138969.mp4
│       ├── Discussion.55011271.mp4
│       ├── Discussion.58860488.mp4
│       ├── Discussion.60457274.mp4
│       ├── Eating 1.54138969.mp4
│       ├── Eating 1.55011271.mp4
│       ├── Eating 1.58860488.mp4
│       ├── Eating 1.60457274.mp4
│       ├── Eating.54138969.mp4
│       ├── Eating.55011271.mp4
│       ├── Eating.58860488.mp4
│       ├── Eating.60457274.mp4
│       ├── Greeting 1.54138969.mp4
│       ├── Greeting 1.55011271.mp4
│       ├── Greeting 1.58860488.mp4
│       ├── Greeting 1.60457274.mp4
│       ├── Greeting.54138969.mp4
│       ├── Greeting.55011271.mp4
│       ├── Greeting.58860488.mp4
│       ├── Greeting.60457274.mp4
│       ├── Phoning 1.54138969.mp4
│       ├── Phoning 1.55011271.mp4
│       ├── Phoning 1.58860488.mp4
│       ├── Phoning 1.60457274.mp4
│       ├── Phoning.54138969.mp4
│       ├── Phoning.55011271.mp4
│       ├── Phoning.58860488.mp4
│       ├── Phoning.60457274.mp4
│       ├── Photo 1.54138969.mp4
│       ├── Photo 1.55011271.mp4
│       ├── Photo 1.58860488.mp4
│       ├── Photo 1.60457274.mp4
│       ├── Photo.54138969.mp4
│       ├── Photo.55011271.mp4
│       ├── Photo.58860488.mp4
│       ├── Photo.60457274.mp4
│       ├── Posing 1.54138969.mp4
│       ├── Posing 1.55011271.mp4
│       ├── Posing 1.58860488.mp4
│       ├── Posing 1.60457274.mp4
│       ├── Posing.54138969.mp4
│       ├── Posing.55011271.mp4
│       ├── Posing.58860488.mp4
│       ├── Posing.60457274.mp4
│       ├── Purchases 1.54138969.mp4
│       ├── Purchases 1.55011271.mp4
│       ├── Purchases 1.58860488.mp4
│       ├── Purchases 1.60457274.mp4
│       ├── Purchases.54138969.mp4
│       ├── Purchases.55011271.mp4
│       ├── Purchases.58860488.mp4
│       ├── Purchases.60457274.mp4
│       ├── Sitting 1.54138969.mp4
│       ├── Sitting 1.55011271.mp4
│       ├── Sitting 1.58860488.mp4
│       ├── Sitting 1.60457274.mp4
│       ├── Sitting.54138969.mp4
│       ├── Sitting.55011271.mp4
│       ├── Sitting.58860488.mp4
│       ├── Sitting.60457274.mp4
│       ├── SittingDown 1.54138969.mp4
│       ├── SittingDown 1.55011271.mp4
│       ├── SittingDown 1.58860488.mp4
│       ├── SittingDown 1.60457274.mp4
│       ├── SittingDown.54138969.mp4
│       ├── SittingDown.55011271.mp4
│       ├── SittingDown.58860488.mp4
│       ├── SittingDown.60457274.mp4
│       ├── Smoking 1.54138969.mp4
│       ├── Smoking 1.55011271.mp4
│       ├── Smoking 1.58860488.mp4
│       ├── Smoking 1.60457274.mp4
│       ├── Smoking.54138969.mp4
│       ├── Smoking.55011271.mp4
│       ├── Smoking.58860488.mp4
│       ├── Smoking.60457274.mp4
│       ├── Waiting 1.54138969.mp4
│       ├── Waiting 1.55011271.mp4
│       ├── Waiting 1.58860488.mp4
│       ├── Waiting 1.60457274.mp4
│       ├── Waiting.54138969.mp4
│       ├── Waiting.55011271.mp4
│       ├── Waiting.58860488.mp4
│       ├── Waiting.60457274.mp4
│       ├── WalkDog 1.54138969.mp4
│       ├── WalkDog 1.55011271.mp4
│       ├── WalkDog 1.58860488.mp4
│       ├── WalkDog 1.60457274.mp4
│       ├── WalkDog.54138969.mp4
│       ├── WalkDog.55011271.mp4
│       ├── WalkDog.58860488.mp4
│       ├── WalkDog.60457274.mp4
│       ├── WalkTogether 1.54138969.mp4
│       ├── WalkTogether 1.55011271.mp4
│       ├── WalkTogether 1.58860488.mp4
│       ├── WalkTogether 1.60457274.mp4
│       ├── WalkTogether 2.54138969.mp4
│       ├── WalkTogether 2.55011271.mp4
│       ├── WalkTogether 2.58860488.mp4
│       ├── WalkTogether 2.60457274.mp4
│       ├── Walking 1.54138969.mp4
│       ├── Walking 1.55011271.mp4
│       ├── Walking 1.58860488.mp4
│       ├── Walking 1.60457274.mp4
│       ├── Walking.54138969.mp4
│       ├── Walking.55011271.mp4
│       ├── Walking.58860488.mp4
│       ├── Walking.60457274.mp4
│       ├── _ALL 1.54138969.mp4
│       ├── _ALL 1.55011271.mp4
│       ├── _ALL 1.58860488.mp4
│       ├── _ALL 1.60457274.mp4
│       ├── _ALL.54138969.mp4
│       ├── _ALL.55011271.mp4
│       ├── _ALL.58860488.mp4
│       └── _ALL.60457274.mp4
└── S9
    └── Videos
        ├── Directions 1.54138969.mp4
        ├── Directions 1.55011271.mp4
        ├── Directions 1.58860488.mp4
        ├── Directions 1.60457274.mp4
        ├── Directions.54138969.mp4
        ├── Directions.55011271.mp4
        ├── Directions.58860488.mp4
        ├── Directions.60457274.mp4
        ├── Discussion 1.54138969.mp4
        ├── Discussion 1.55011271.mp4
        ├── Discussion 1.58860488.mp4
        ├── Discussion 1.60457274.mp4
        ├── Discussion 2.54138969.mp4
        ├── Discussion 2.55011271.mp4
        ├── Discussion 2.58860488.mp4
        ├── Discussion 2.60457274.mp4
        ├── Eating 1.54138969.mp4
        ├── Eating 1.55011271.mp4
        ├── Eating 1.58860488.mp4
        ├── Eating 1.60457274.mp4
        ├── Eating.54138969.mp4
        ├── Eating.55011271.mp4
        ├── Eating.58860488.mp4
        ├── Eating.60457274.mp4
        ├── Greeting 1.54138969.mp4
        ├── Greeting 1.55011271.mp4
        ├── Greeting 1.58860488.mp4
        ├── Greeting 1.60457274.mp4
        ├── Greeting.54138969.mp4
        ├── Greeting.55011271.mp4
        ├── Greeting.58860488.mp4
        ├── Greeting.60457274.mp4
        ├── Phoning 1.54138969.mp4
        ├── Phoning 1.55011271.mp4
        ├── Phoning 1.58860488.mp4
        ├── Phoning 1.60457274.mp4
        ├── Phoning.54138969.mp4
        ├── Phoning.55011271.mp4
        ├── Phoning.58860488.mp4
        ├── Phoning.60457274.mp4
        ├── Photo 1.54138969.mp4
        ├── Photo 1.55011271.mp4
        ├── Photo 1.58860488.mp4
        ├── Photo 1.60457274.mp4
        ├── Photo.54138969.mp4
        ├── Photo.55011271.mp4
        ├── Photo.58860488.mp4
        ├── Photo.60457274.mp4
        ├── Posing 1.54138969.mp4
        ├── Posing 1.55011271.mp4
        ├── Posing 1.58860488.mp4
        ├── Posing 1.60457274.mp4
        ├── Posing.54138969.mp4
        ├── Posing.55011271.mp4
        ├── Posing.58860488.mp4
        ├── Posing.60457274.mp4
        ├── Purchases 1.54138969.mp4
        ├── Purchases 1.55011271.mp4
        ├── Purchases 1.58860488.mp4
        ├── Purchases 1.60457274.mp4
        ├── Purchases.54138969.mp4
        ├── Purchases.55011271.mp4
        ├── Purchases.58860488.mp4
        ├── Purchases.60457274.mp4
        ├── Sitting 1.54138969.mp4
        ├── Sitting 1.55011271.mp4
        ├── Sitting 1.58860488.mp4
        ├── Sitting 1.60457274.mp4
        ├── Sitting.54138969.mp4
        ├── Sitting.55011271.mp4
        ├── Sitting.58860488.mp4
        ├── Sitting.60457274.mp4
        ├── SittingDown 1.54138969.mp4
        ├── SittingDown 1.55011271.mp4
        ├── SittingDown 1.58860488.mp4
        ├── SittingDown 1.60457274.mp4
        ├── SittingDown.54138969.mp4
        ├── SittingDown.55011271.mp4
        ├── SittingDown.58860488.mp4
        ├── SittingDown.60457274.mp4
        ├── Smoking 1.54138969.mp4
        ├── Smoking 1.55011271.mp4
        ├── Smoking 1.58860488.mp4
        ├── Smoking 1.60457274.mp4
        ├── Smoking.54138969.mp4
        ├── Smoking.55011271.mp4
        ├── Smoking.58860488.mp4
        ├── Smoking.60457274.mp4
        ├── Waiting 1.54138969.mp4
        ├── Waiting 1.55011271.mp4
        ├── Waiting 1.58860488.mp4
        ├── Waiting 1.60457274.mp4
        ├── Waiting.54138969.mp4
        ├── Waiting.55011271.mp4
        ├── Waiting.58860488.mp4
        ├── Waiting.60457274.mp4
        ├── WalkDog 1.54138969.mp4
        ├── WalkDog 1.55011271.mp4
        ├── WalkDog 1.58860488.mp4
        ├── WalkDog 1.60457274.mp4
        ├── WalkDog.54138969.mp4
        ├── WalkDog.55011271.mp4
        ├── WalkDog.58860488.mp4
        ├── WalkDog.60457274.mp4
        ├── WalkTogether 1.54138969.mp4
        ├── WalkTogether 1.55011271.mp4
        ├── WalkTogether 1.58860488.mp4
        ├── WalkTogether 1.60457274.mp4
        ├── WalkTogether.54138969.mp4
        ├── WalkTogether.55011271.mp4
        ├── WalkTogether.58860488.mp4
        ├── WalkTogether.60457274.mp4
        ├── Walking 1.54138969.mp4
        ├── Walking 1.55011271.mp4
        ├── Walking 1.58860488.mp4
        ├── Walking 1.60457274.mp4
        ├── Walking.54138969.mp4
        ├── Walking.55011271.mp4
        ├── Walking.58860488.mp4
        ├── Walking.60457274.mp4
        ├── _ALL 1.54138969.mp4
        ├── _ALL 1.55011271.mp4
        ├── _ALL 1.58860488.mp4
        ├── _ALL 1.60457274.mp4
        ├── _ALL.54138969.mp4
        ├── _ALL.55011271.mp4
        ├── _ALL.58860488.mp4
        └── _ALL.60457274.mp4

14 directories, 896 files
